INFO 2022-10-08 23:59:59,201 views 28  TIME COUNT 8.654594421386719e-05
INFO 2022-10-09 00:00:01,730 views 28  TIME COUNT 0.00010442733764648438
INFO 2022-10-09 00:00:03,067 views 28  TIME COUNT 0.00016260147094726562
INFO 2022-10-09 00:01:00,475 views 28  TIME COUNT 8.678436279296875e-05
INFO 2022-10-09 00:01:00,475 views 28  TIME COUNT 8.678436279296875e-05
INFO 2022-10-09 00:01:02,472 views 28  TIME COUNT 8.368492126464844e-05
INFO 2022-10-09 00:01:02,472 views 28  TIME COUNT 8.368492126464844e-05
INFO 2022-10-09 00:01:13,313 views 28  TIME COUNT 8.893013000488281e-05
INFO 2022-10-09 00:01:13,313 views 28  TIME COUNT 8.893013000488281e-05
INFO 2022-10-09 00:02:12,524 views 28  TIME COUNT 0.00026535987854003906
INFO 2022-10-09 00:02:12,524 views 28  TIME COUNT 0.00026535987854003906
INFO 2022-10-09 00:02:13,574 views 28  TIME COUNT 8.821487426757812e-05
INFO 2022-10-09 00:02:13,574 views 28  TIME COUNT 8.821487426757812e-05
INFO 2022-10-09 00:02:14,281 views 28  TIME COUNT 0.00015234947204589844
INFO 2022-10-09 00:02:14,281 views 28  TIME COUNT 0.00015234947204589844
INFO 2022-10-09 00:05:13,041 views 53  CREATE TIME -0.013562440872192383
INFO 2022-10-09 00:05:13,041 views 53  CREATE TIME -0.013562440872192383
INFO 2022-10-09 00:07:10,823 views 53  CREATE TIME -0.01759648323059082
INFO 2022-10-09 00:07:10,823 views 53  CREATE TIME -0.01759648323059082
INFO 2022-10-09 00:08:02,338 views 53  CREATE TIME 0.015423059463500977
INFO 2022-10-09 00:08:02,338 views 53  CREATE TIME 0.015423059463500977
INFO  views keys CREATE TIME 0.013360738754272461
INFO  views keys CREATE TIME 0.013360738754272461
INFO  views keys CREATE TIME 0.011848688125610352
INFO  views keys CREATE TIME 0.011848688125610352
INFO  views keys CREATE TIME 0.01219630241394043
INFO  views keys CREATE TIME 0.01219630241394043
INFO  views keys CREATE TIME 0.014561176300048828
INFO  views keys CREATE TIME 0.014561176300048828
INFO  views keys CREATE TIME 0.021727561950683594
INFO  views keys CREATE TIME 0.021727561950683594
INFO  views keys CREATE TIME 0.01500844955444336
INFO  views keys CREATE TIME 0.01500844955444336
INFO  views key_detail PUT key - 0.001829385757446289
INFO  views key_detail PUT key - 0.001829385757446289
INFO  views key_detail PUT key - 0.0017974376678466797
INFO  views key_detail PUT key - 0.0017974376678466797
INFO  views key_detail PUT key - 0.0017216205596923828
INFO  views key_detail PUT key - 0.0017216205596923828
INFO  views keys GET ALL KEYS 0.00012612342834472656
INFO  views keys GET ALL KEYS 0.00012612342834472656
INFO  views keys GET ALL KEYS 7.987022399902344e-05
INFO  views keys GET ALL KEYS 7.987022399902344e-05
INFO  views keys GET ALL KEYS 8.368492126464844e-05
INFO  views keys GET ALL KEYS 8.368492126464844e-05
INFO  views keys GET ALL KEYS 8.249282836914062e-05
INFO  views keys GET ALL KEYS 8.249282836914062e-05
INFO  views keys GET ALL KEYS 7.987022399902344e-05
INFO  views keys GET ALL KEYS 7.987022399902344e-05
INFO  views keys GET ALL KEYS 8.96453857421875e-05
INFO  views keys GET ALL KEYS 8.96453857421875e-05
INFO  views keys GET ALL KEYS 9.322166442871094e-05
INFO  views keys GET ALL KEYS 9.322166442871094e-05
INFO  views keys GET ALL KEYS 9.34600830078125e-05
INFO  views keys GET ALL KEYS 9.34600830078125e-05
INFO  views keys GET ALL KEYS 8.821487426757812e-05
INFO  views keys GET ALL KEYS 8.821487426757812e-05
INFO  views keys GET ALL KEYS 8.630752563476562e-05
INFO  views keys GET ALL KEYS 8.630752563476562e-05
INFO  views keys GET ALL KEYS 0.00011444091796875
INFO  views keys GET ALL KEYS 0.00011444091796875
INFO  views keys GET ALL KEYS 0.00018715858459472656
INFO  views keys GET ALL KEYS 0.00018715858459472656
INFO  views keys GET ALL KEYS 0.0002033710479736328
INFO  views keys GET ALL KEYS 0.0002033710479736328
INFO  views keys GET ALL KEYS 0.00011444091796875
INFO  views keys GET ALL KEYS 0.00011444091796875
INFO  views keys GET ALL KEYS 0.00015354156494140625
INFO  views keys GET ALL KEYS 0.00015354156494140625
INFO  views keys GET ALL KEYS 0.00022172927856445312
INFO  views keys GET ALL KEYS 0.00022172927856445312
INFO  views keys GET ALL KEYS 0.0002071857452392578
INFO  views keys GET ALL KEYS 0.0002071857452392578
INFO  views keys GET ALL KEYS 0.0001323223114013672
INFO  views keys GET ALL KEYS 0.0001323223114013672
INFO  views keys GET ALL KEYS 0.00016641616821289062
INFO  views keys GET ALL KEYS 0.00016641616821289062
INFO  views keys GET ALL KEYS 0.00013828277587890625
INFO  views keys GET ALL KEYS 0.00013828277587890625
INFO  views keys GET ALL KEYS 0.00020933151245117188
INFO  views keys GET ALL KEYS 0.00020933151245117188
INFO  views keys GET ALL KEYS 0.00013566017150878906
INFO  views keys GET ALL KEYS 0.00013566017150878906
INFO  views keys GET ALL KEYS 8.845329284667969e-05
INFO  views keys GET ALL KEYS 8.845329284667969e-05
INFO  views keys GET ALL KEYS 0.00011205673217773438
INFO  views keys GET ALL KEYS 0.00011205673217773438
INFO  views keys GET ALL KEYS 0.00011134147644042969
INFO  views keys GET ALL KEYS 0.00011134147644042969
INFO  views keys GET ALL KEYS 0.00017762184143066406
INFO  views keys GET ALL KEYS 0.00017762184143066406
INFO  views keys GET ALL KEYS 0.0001838207244873047
INFO  views keys GET ALL KEYS 0.0001838207244873047
INFO  views keys GET ALL KEYS 0.00011754035949707031
INFO  views keys GET ALL KEYS 0.00011754035949707031
INFO  views keys GET ALL KEYS 9.369850158691406e-05
INFO  views keys GET ALL KEYS 9.369850158691406e-05
INFO  views keys GET ALL KEYS 0.00019407272338867188
INFO  views keys GET ALL KEYS 0.00019407272338867188
INFO  views keys GET ALL KEYS 0.0002410411834716797
INFO  views keys GET ALL KEYS 0.0002410411834716797
ERROR  redis on_connection_error Connection to Redis lost: Retry (0/20) now.
ERROR  redis on_connection_error Connection to Redis lost: Retry (1/20) in 1.00 second.
ERROR  redis on_connection_error Connection to Redis lost: Retry (2/20) in 1.00 second.
ERROR  redis on_connection_error Connection to Redis lost: Retry (3/20) in 1.00 second.
ERROR  redis on_connection_error Connection to Redis lost: Retry (4/20) in 1.00 second.
ERROR  redis on_connection_error Connection to Redis lost: Retry (5/20) in 1.00 second.
ERROR  redis on_connection_error Connection to Redis lost: Retry (6/20) in 1.00 second.
ERROR  redis on_connection_error Connection to Redis lost: Retry (7/20) in 1.00 second.
ERROR  redis on_connection_error Connection to Redis lost: Retry (8/20) in 1.00 second.
ERROR  redis on_connection_error Connection to Redis lost: Retry (9/20) in 1.00 second.
ERROR  redis on_connection_error Connection to Redis lost: Retry (10/20) in 1.00 second.
ERROR  redis on_connection_error Connection to Redis lost: Retry (11/20) in 1.00 second.
ERROR  redis on_connection_error Connection to Redis lost: Retry (12/20) in 1.00 second.
ERROR  redis on_connection_error Connection to Redis lost: Retry (13/20) in 1.00 second.
ERROR  redis on_connection_error Connection to Redis lost: Retry (14/20) in 1.00 second.
ERROR  redis on_connection_error Connection to Redis lost: Retry (15/20) in 1.00 second.
ERROR  redis on_connection_error Connection to Redis lost: Retry (16/20) in 1.00 second.
ERROR  redis on_connection_error Connection to Redis lost: Retry (17/20) in 1.00 second.
ERROR  redis on_connection_error Connection to Redis lost: Retry (18/20) in 1.00 second.
ERROR  redis on_connection_error Connection to Redis lost: Retry (19/20) in 1.00 second.
CRITICAL  redis reconnect_on_error 
Retry limit exceeded while trying to reconnect to the Celery redis result store backend. The Celery application must be restarted.

ERROR  redis on_connection_error Connection to Redis lost: Retry (0/20) now.
ERROR  redis on_connection_error Connection to Redis lost: Retry (1/20) in 1.00 second.
ERROR  redis on_connection_error Connection to Redis lost: Retry (2/20) in 1.00 second.
ERROR  redis on_connection_error Connection to Redis lost: Retry (3/20) in 1.00 second.
ERROR  redis on_connection_error Connection to Redis lost: Retry (4/20) in 1.00 second.
ERROR  redis on_connection_error Connection to Redis lost: Retry (5/20) in 1.00 second.
ERROR  redis on_connection_error Connection to Redis lost: Retry (6/20) in 1.00 second.
ERROR  redis on_connection_error Connection to Redis lost: Retry (7/20) in 1.00 second.
ERROR  redis on_connection_error Connection to Redis lost: Retry (8/20) in 1.00 second.
ERROR  redis on_connection_error Connection to Redis lost: Retry (9/20) in 1.00 second.
ERROR  redis on_connection_error Connection to Redis lost: Retry (10/20) in 1.00 second.
ERROR  redis on_connection_error Connection to Redis lost: Retry (11/20) in 1.00 second.
ERROR  redis on_connection_error Connection to Redis lost: Retry (12/20) in 1.00 second.
ERROR  redis on_connection_error Connection to Redis lost: Retry (13/20) in 1.00 second.
ERROR  redis on_connection_error Connection to Redis lost: Retry (14/20) in 1.00 second.
ERROR  redis on_connection_error Connection to Redis lost: Retry (15/20) in 1.00 second.
ERROR  redis on_connection_error Connection to Redis lost: Retry (16/20) in 1.00 second.
ERROR  redis on_connection_error Connection to Redis lost: Retry (17/20) in 1.00 second.
ERROR  redis on_connection_error Connection to Redis lost: Retry (18/20) in 1.00 second.
ERROR  redis on_connection_error Connection to Redis lost: Retry (19/20) in 1.00 second.
CRITICAL  redis reconnect_on_error 
Retry limit exceeded while trying to reconnect to the Celery redis result store backend. The Celery application must be restarted.

ERROR  redis on_connection_error Connection to Redis lost: Retry (0/20) now.
ERROR  redis on_connection_error Connection to Redis lost: Retry (1/20) in 1.00 second.
ERROR  redis on_connection_error Connection to Redis lost: Retry (2/20) in 1.00 second.
ERROR  redis on_connection_error Connection to Redis lost: Retry (3/20) in 1.00 second.
ERROR  redis on_connection_error Connection to Redis lost: Retry (0/20) now.
ERROR  redis on_connection_error Connection to Redis lost: Retry (1/20) in 1.00 second.
ERROR  redis on_connection_error Connection to Redis lost: Retry (2/20) in 1.00 second.
ERROR  redis on_connection_error Connection to Redis lost: Retry (3/20) in 1.00 second.
ERROR  redis on_connection_error Connection to Redis lost: Retry (4/20) in 1.00 second.
ERROR  redis on_connection_error Connection to Redis lost: Retry (5/20) in 1.00 second.
ERROR  redis on_connection_error Connection to Redis lost: Retry (6/20) in 1.00 second.
ERROR  redis on_connection_error Connection to Redis lost: Retry (7/20) in 1.00 second.
ERROR  redis on_connection_error Connection to Redis lost: Retry (8/20) in 1.00 second.
ERROR  redis on_connection_error Connection to Redis lost: Retry (9/20) in 1.00 second.
ERROR  redis on_connection_error Connection to Redis lost: Retry (10/20) in 1.00 second.
ERROR  redis on_connection_error Connection to Redis lost: Retry (11/20) in 1.00 second.
ERROR  redis on_connection_error Connection to Redis lost: Retry (12/20) in 1.00 second.
ERROR  redis on_connection_error Connection to Redis lost: Retry (13/20) in 1.00 second.
ERROR  redis on_connection_error Connection to Redis lost: Retry (14/20) in 1.00 second.
ERROR  redis on_connection_error Connection to Redis lost: Retry (15/20) in 1.00 second.
ERROR  redis on_connection_error Connection to Redis lost: Retry (16/20) in 1.00 second.
ERROR  redis on_connection_error Connection to Redis lost: Retry (17/20) in 1.00 second.
ERROR  redis on_connection_error Connection to Redis lost: Retry (18/20) in 1.00 second.
ERROR  redis on_connection_error Connection to Redis lost: Retry (19/20) in 1.00 second.
CRITICAL  redis reconnect_on_error 
Retry limit exceeded while trying to reconnect to the Celery redis result store backend. The Celery application must be restarted.

ERROR  redis on_connection_error Connection to Redis lost: Retry (0/20) now.
ERROR  redis on_connection_error Connection to Redis lost: Retry (1/20) in 1.00 second.
ERROR  redis on_connection_error Connection to Redis lost: Retry (2/20) in 1.00 second.
ERROR  redis on_connection_error Connection to Redis lost: Retry (3/20) in 1.00 second.
ERROR  redis on_connection_error Connection to Redis lost: Retry (4/20) in 1.00 second.
ERROR  redis on_connection_error Connection to Redis lost: Retry (5/20) in 1.00 second.
ERROR  redis on_connection_error Connection to Redis lost: Retry (6/20) in 1.00 second.
ERROR  redis on_connection_error Connection to Redis lost: Retry (7/20) in 1.00 second.
ERROR  redis on_connection_error Connection to Redis lost: Retry (8/20) in 1.00 second.
ERROR  redis on_connection_error Connection to Redis lost: Retry (9/20) in 1.00 second.
ERROR  redis on_connection_error Connection to Redis lost: Retry (10/20) in 1.00 second.
ERROR  redis on_connection_error Connection to Redis lost: Retry (11/20) in 1.00 second.
ERROR  redis on_connection_error Connection to Redis lost: Retry (12/20) in 1.00 second.
ERROR  redis on_connection_error Connection to Redis lost: Retry (13/20) in 1.00 second.
ERROR  redis on_connection_error Connection to Redis lost: Retry (14/20) in 1.00 second.
ERROR  redis on_connection_error Connection to Redis lost: Retry (15/20) in 1.00 second.
ERROR  redis on_connection_error Connection to Redis lost: Retry (16/20) in 1.00 second.
ERROR  redis on_connection_error Connection to Redis lost: Retry (17/20) in 1.00 second.
ERROR  redis on_connection_error Connection to Redis lost: Retry (18/20) in 1.00 second.
ERROR  redis on_connection_error Connection to Redis lost: Retry (19/20) in 1.00 second.
CRITICAL  redis reconnect_on_error 
Retry limit exceeded while trying to reconnect to the Celery redis result store backend. The Celery application must be restarted.

ERROR  redis on_connection_error Connection to Redis lost: Retry (0/20) now.
ERROR  redis on_connection_error Connection to Redis lost: Retry (1/20) in 1.00 second.
ERROR  redis on_connection_error Connection to Redis lost: Retry (2/20) in 1.00 second.
ERROR  redis on_connection_error Connection to Redis lost: Retry (3/20) in 1.00 second.
ERROR  redis on_connection_error Connection to Redis lost: Retry (4/20) in 1.00 second.
ERROR  redis on_connection_error Connection to Redis lost: Retry (5/20) in 1.00 second.
ERROR  redis on_connection_error Connection to Redis lost: Retry (6/20) in 1.00 second.
ERROR  redis on_connection_error Connection to Redis lost: Retry (7/20) in 1.00 second.
ERROR  redis on_connection_error Connection to Redis lost: Retry (8/20) in 1.00 second.
ERROR  redis on_connection_error Connection to Redis lost: Retry (9/20) in 1.00 second.
ERROR  redis on_connection_error Connection to Redis lost: Retry (10/20) in 1.00 second.
ERROR  redis on_connection_error Connection to Redis lost: Retry (11/20) in 1.00 second.
ERROR  redis on_connection_error Connection to Redis lost: Retry (12/20) in 1.00 second.
ERROR  redis on_connection_error Connection to Redis lost: Retry (13/20) in 1.00 second.
ERROR  redis on_connection_error Connection to Redis lost: Retry (14/20) in 1.00 second.
ERROR  redis on_connection_error Connection to Redis lost: Retry (15/20) in 1.00 second.
ERROR  redis on_connection_error Connection to Redis lost: Retry (16/20) in 1.00 second.
ERROR  redis on_connection_error Connection to Redis lost: Retry (17/20) in 1.00 second.
ERROR  redis on_connection_error Connection to Redis lost: Retry (18/20) in 1.00 second.
ERROR  redis on_connection_error Connection to Redis lost: Retry (19/20) in 1.00 second.
CRITICAL  redis reconnect_on_error 
Retry limit exceeded while trying to reconnect to the Celery redis result store backend. The Celery application must be restarted.

ERROR  redis on_connection_error Connection to Redis lost: Retry (0/20) now.
ERROR  redis on_connection_error Connection to Redis lost: Retry (1/20) in 1.00 second.
ERROR  redis on_connection_error Connection to Redis lost: Retry (2/20) in 1.00 second.
ERROR  redis on_connection_error Connection to Redis lost: Retry (3/20) in 1.00 second.
ERROR  redis on_connection_error Connection to Redis lost: Retry (4/20) in 1.00 second.
ERROR  redis on_connection_error Connection to Redis lost: Retry (5/20) in 1.00 second.
ERROR  redis on_connection_error Connection to Redis lost: Retry (6/20) in 1.00 second.
ERROR  redis on_connection_error Connection to Redis lost: Retry (7/20) in 1.00 second.
ERROR  redis on_connection_error Connection to Redis lost: Retry (8/20) in 1.00 second.
ERROR  redis on_connection_error Connection to Redis lost: Retry (9/20) in 1.00 second.
ERROR  redis on_connection_error Connection to Redis lost: Retry (10/20) in 1.00 second.
ERROR  redis on_connection_error Connection to Redis lost: Retry (11/20) in 1.00 second.
ERROR  redis on_connection_error Connection to Redis lost: Retry (12/20) in 1.00 second.
ERROR  redis on_connection_error Connection to Redis lost: Retry (13/20) in 1.00 second.
ERROR  redis on_connection_error Connection to Redis lost: Retry (14/20) in 1.00 second.
ERROR  redis on_connection_error Connection to Redis lost: Retry (15/20) in 1.00 second.
ERROR  redis on_connection_error Connection to Redis lost: Retry (16/20) in 1.00 second.
ERROR  redis on_connection_error Connection to Redis lost: Retry (17/20) in 1.00 second.
ERROR  redis on_connection_error Connection to Redis lost: Retry (18/20) in 1.00 second.
ERROR  redis on_connection_error Connection to Redis lost: Retry (19/20) in 1.00 second.
CRITICAL  redis reconnect_on_error 
Retry limit exceeded while trying to reconnect to the Celery redis result store backend. The Celery application must be restarted.

ERROR  redis on_connection_error Connection to Redis lost: Retry (0/20) now.
ERROR  redis on_connection_error Connection to Redis lost: Retry (1/20) in 1.00 second.
ERROR  redis on_connection_error Connection to Redis lost: Retry (2/20) in 1.00 second.
ERROR  redis on_connection_error Connection to Redis lost: Retry (3/20) in 1.00 second.
ERROR  redis on_connection_error Connection to Redis lost: Retry (4/20) in 1.00 second.
ERROR  redis on_connection_error Connection to Redis lost: Retry (5/20) in 1.00 second.
ERROR  redis on_connection_error Connection to Redis lost: Retry (6/20) in 1.00 second.
ERROR  redis on_connection_error Connection to Redis lost: Retry (7/20) in 1.00 second.
ERROR  redis on_connection_error Connection to Redis lost: Retry (8/20) in 1.00 second.
ERROR  redis on_connection_error Connection to Redis lost: Retry (9/20) in 1.00 second.
ERROR  redis on_connection_error Connection to Redis lost: Retry (10/20) in 1.00 second.
ERROR  redis on_connection_error Connection to Redis lost: Retry (11/20) in 1.00 second.
ERROR  redis on_connection_error Connection to Redis lost: Retry (12/20) in 1.00 second.
ERROR  redis on_connection_error Connection to Redis lost: Retry (13/20) in 1.00 second.
ERROR  redis on_connection_error Connection to Redis lost: Retry (14/20) in 1.00 second.
ERROR  redis on_connection_error Connection to Redis lost: Retry (15/20) in 1.00 second.
ERROR  redis on_connection_error Connection to Redis lost: Retry (16/20) in 1.00 second.
ERROR  redis on_connection_error Connection to Redis lost: Retry (17/20) in 1.00 second.
ERROR  redis on_connection_error Connection to Redis lost: Retry (18/20) in 1.00 second.
ERROR  redis on_connection_error Connection to Redis lost: Retry (19/20) in 1.00 second.
CRITICAL  redis reconnect_on_error 
Retry limit exceeded while trying to reconnect to the Celery redis result store backend. The Celery application must be restarted.

ERROR  redis on_connection_error Connection to Redis lost: Retry (0/20) now.
ERROR  redis on_connection_error Connection to Redis lost: Retry (1/20) in 1.00 second.
ERROR  redis on_connection_error Connection to Redis lost: Retry (2/20) in 1.00 second.
ERROR  redis on_connection_error Connection to Redis lost: Retry (3/20) in 1.00 second.
ERROR  redis on_connection_error Connection to Redis lost: Retry (4/20) in 1.00 second.
ERROR  redis on_connection_error Connection to Redis lost: Retry (5/20) in 1.00 second.
ERROR  redis on_connection_error Connection to Redis lost: Retry (6/20) in 1.00 second.
ERROR  redis on_connection_error Connection to Redis lost: Retry (7/20) in 1.00 second.
ERROR  redis on_connection_error Connection to Redis lost: Retry (8/20) in 1.00 second.
ERROR  redis on_connection_error Connection to Redis lost: Retry (9/20) in 1.00 second.
ERROR  redis on_connection_error Connection to Redis lost: Retry (10/20) in 1.00 second.
ERROR  redis on_connection_error Connection to Redis lost: Retry (11/20) in 1.00 second.
ERROR  redis on_connection_error Connection to Redis lost: Retry (12/20) in 1.00 second.
ERROR  redis on_connection_error Connection to Redis lost: Retry (13/20) in 1.00 second.
ERROR  redis on_connection_error Connection to Redis lost: Retry (14/20) in 1.00 second.
ERROR  redis on_connection_error Connection to Redis lost: Retry (15/20) in 1.00 second.
ERROR  redis on_connection_error Connection to Redis lost: Retry (16/20) in 1.00 second.
ERROR  redis on_connection_error Connection to Redis lost: Retry (17/20) in 1.00 second.
ERROR  redis on_connection_error Connection to Redis lost: Retry (18/20) in 1.00 second.
ERROR  redis on_connection_error Connection to Redis lost: Retry (19/20) in 1.00 second.
CRITICAL  redis reconnect_on_error 
Retry limit exceeded while trying to reconnect to the Celery redis result store backend. The Celery application must be restarted.

ERROR  redis on_connection_error Connection to Redis lost: Retry (0/20) now.
ERROR  redis on_connection_error Connection to Redis lost: Retry (1/20) in 1.00 second.
ERROR  redis on_connection_error Connection to Redis lost: Retry (2/20) in 1.00 second.
ERROR  redis on_connection_error Connection to Redis lost: Retry (3/20) in 1.00 second.
ERROR  redis on_connection_error Connection to Redis lost: Retry (4/20) in 1.00 second.
ERROR  redis on_connection_error Connection to Redis lost: Retry (5/20) in 1.00 second.
ERROR  redis on_connection_error Connection to Redis lost: Retry (6/20) in 1.00 second.
ERROR  redis on_connection_error Connection to Redis lost: Retry (7/20) in 1.00 second.
ERROR  redis on_connection_error Connection to Redis lost: Retry (8/20) in 1.00 second.
ERROR  redis on_connection_error Connection to Redis lost: Retry (9/20) in 1.00 second.
ERROR  redis on_connection_error Connection to Redis lost: Retry (10/20) in 1.00 second.
ERROR  redis on_connection_error Connection to Redis lost: Retry (11/20) in 1.00 second.
ERROR  redis on_connection_error Connection to Redis lost: Retry (12/20) in 1.00 second.
ERROR  redis on_connection_error Connection to Redis lost: Retry (13/20) in 1.00 second.
ERROR  redis on_connection_error Connection to Redis lost: Retry (14/20) in 1.00 second.
ERROR  redis on_connection_error Connection to Redis lost: Retry (15/20) in 1.00 second.
ERROR  redis on_connection_error Connection to Redis lost: Retry (16/20) in 1.00 second.
ERROR  redis on_connection_error Connection to Redis lost: Retry (17/20) in 1.00 second.
ERROR  redis on_connection_error Connection to Redis lost: Retry (18/20) in 1.00 second.
ERROR  redis on_connection_error Connection to Redis lost: Retry (19/20) in 1.00 second.
CRITICAL  redis reconnect_on_error 
Retry limit exceeded while trying to reconnect to the Celery redis result store backend. The Celery application must be restarted.

ERROR  redis on_connection_error Connection to Redis lost: Retry (0/20) now.
ERROR  redis on_connection_error Connection to Redis lost: Retry (1/20) in 1.00 second.
ERROR  redis on_connection_error Connection to Redis lost: Retry (2/20) in 1.00 second.
ERROR  redis on_connection_error Connection to Redis lost: Retry (3/20) in 1.00 second.
ERROR  redis on_connection_error Connection to Redis lost: Retry (4/20) in 1.00 second.
ERROR  redis on_connection_error Connection to Redis lost: Retry (5/20) in 1.00 second.
ERROR  redis on_connection_error Connection to Redis lost: Retry (6/20) in 1.00 second.
ERROR  redis on_connection_error Connection to Redis lost: Retry (7/20) in 1.00 second.
ERROR  redis on_connection_error Connection to Redis lost: Retry (8/20) in 1.00 second.
ERROR  redis on_connection_error Connection to Redis lost: Retry (9/20) in 1.00 second.
ERROR  redis on_connection_error Connection to Redis lost: Retry (10/20) in 1.00 second.
ERROR  redis on_connection_error Connection to Redis lost: Retry (11/20) in 1.00 second.
ERROR  redis on_connection_error Connection to Redis lost: Retry (12/20) in 1.00 second.
ERROR  redis on_connection_error Connection to Redis lost: Retry (13/20) in 1.00 second.
ERROR  redis on_connection_error Connection to Redis lost: Retry (14/20) in 1.00 second.
ERROR  redis on_connection_error Connection to Redis lost: Retry (15/20) in 1.00 second.
ERROR  redis on_connection_error Connection to Redis lost: Retry (16/20) in 1.00 second.
ERROR  redis on_connection_error Connection to Redis lost: Retry (17/20) in 1.00 second.
ERROR  redis on_connection_error Connection to Redis lost: Retry (18/20) in 1.00 second.
ERROR  redis on_connection_error Connection to Redis lost: Retry (19/20) in 1.00 second.
CRITICAL  redis reconnect_on_error 
Retry limit exceeded while trying to reconnect to the Celery redis result store backend. The Celery application must be restarted.

ERROR  redis on_connection_error Connection to Redis lost: Retry (0/20) now.
ERROR  redis on_connection_error Connection to Redis lost: Retry (1/20) in 1.00 second.
ERROR  redis on_connection_error Connection to Redis lost: Retry (2/20) in 1.00 second.
ERROR  redis on_connection_error Connection to Redis lost: Retry (3/20) in 1.00 second.
ERROR  redis on_connection_error Connection to Redis lost: Retry (4/20) in 1.00 second.
ERROR  redis on_connection_error Connection to Redis lost: Retry (5/20) in 1.00 second.
ERROR  redis on_connection_error Connection to Redis lost: Retry (6/20) in 1.00 second.
ERROR  redis on_connection_error Connection to Redis lost: Retry (7/20) in 1.00 second.
ERROR  redis on_connection_error Connection to Redis lost: Retry (8/20) in 1.00 second.
ERROR  redis on_connection_error Connection to Redis lost: Retry (9/20) in 1.00 second.
ERROR  redis on_connection_error Connection to Redis lost: Retry (10/20) in 1.00 second.
ERROR  redis on_connection_error Connection to Redis lost: Retry (11/20) in 1.00 second.
ERROR  redis on_connection_error Connection to Redis lost: Retry (12/20) in 1.00 second.
ERROR  redis on_connection_error Connection to Redis lost: Retry (13/20) in 1.00 second.
ERROR  redis on_connection_error Connection to Redis lost: Retry (14/20) in 1.00 second.
ERROR  redis on_connection_error Connection to Redis lost: Retry (15/20) in 1.00 second.
ERROR  redis on_connection_error Connection to Redis lost: Retry (16/20) in 1.00 second.
ERROR  redis on_connection_error Connection to Redis lost: Retry (17/20) in 1.00 second.
ERROR  redis on_connection_error Connection to Redis lost: Retry (18/20) in 1.00 second.
ERROR  redis on_connection_error Connection to Redis lost: Retry (19/20) in 1.00 second.
CRITICAL  redis reconnect_on_error 
Retry limit exceeded while trying to reconnect to the Celery redis result store backend. The Celery application must be restarted.

INFO  views keys GET ALL KEYS 0.00014901161193847656
INFO  views keys GET ALL KEYS 0.00014901161193847656
INFO  views keys GET ALL KEYS 0.00012040138244628906
INFO  views keys GET ALL KEYS 0.00012040138244628906
INFO  views key_detail Get single Key- 0.0158693790435791
INFO  views key_detail Get single Key- 0.0158693790435791
